0 info it worked if it ends with ok
1 verbose cli [ '/usr/bin/nodejs', '/usr/bin/npm', 'install', '-g', 'yo' ]
2 info using npm@1.4.21
3 info using node@v0.10.25
4 verbose cache add [ 'yo', null ]
5 verbose cache add name=undefined spec="yo" args=["yo",null]
6 verbose parsed url { protocol: null,
6 verbose parsed url   slashes: null,
6 verbose parsed url   auth: null,
6 verbose parsed url   host: null,
6 verbose parsed url   port: null,
6 verbose parsed url   hostname: null,
6 verbose parsed url   hash: null,
6 verbose parsed url   search: null,
6 verbose parsed url   query: null,
6 verbose parsed url   pathname: 'yo',
6 verbose parsed url   path: 'yo',
6 verbose parsed url   href: 'yo' }
7 silly lockFile c41975d1-yo yo
8 verbose lock yo /home/marcin/.npm/c41975d1-yo.lock
9 silly lockFile c41975d1-yo yo
10 silly lockFile c41975d1-yo yo
11 verbose addNamed [ 'yo', '' ]
12 verbose addNamed [ null, '*' ]
13 silly lockFile d937c28e-yo yo@
14 verbose lock yo@ /home/marcin/.npm/d937c28e-yo.lock
15 silly addNameRange { name: 'yo', range: '*', hasData: false }
16 verbose request where is /yo
17 verbose request registry https://registry.npmjs.org/
18 verbose request id 344c730e14986aaa
19 verbose url raw /yo
20 verbose url resolving [ 'https://registry.npmjs.org/', './yo' ]
21 verbose url resolved https://registry.npmjs.org/yo
22 verbose request where is https://registry.npmjs.org/yo
23 info trying registry request attempt 1 at 16:20:42
24 verbose etag "BUD74ASIU831F58LVOQKIFCM0"
25 http GET https://registry.npmjs.org/yo
26 http 304 https://registry.npmjs.org/yo
27 silly registry.get cb [ 304,
27 silly registry.get   { date: 'Wed, 24 Dec 2014 15:20:43 GMT',
27 silly registry.get     server: 'Apache',
27 silly registry.get     via: '1.1 varnish',
27 silly registry.get     'last-modified': 'Wed, 24 Dec 2014 15:20:43 GMT',
27 silly registry.get     'cache-control': 'max-age=60',
27 silly registry.get     etag: '"BUD74ASIU831F58LVOQKIFCM0"',
27 silly registry.get     age: '50',
27 silly registry.get     'x-served-by': 'cache-fra1228-FRA',
27 silly registry.get     'x-cache': 'HIT',
27 silly registry.get     'x-cache-hits': '1',
27 silly registry.get     'x-timer': 'S1419434443.588893,VS0,VE0',
27 silly registry.get     vary: 'Accept',
27 silly registry.get     'content-length': '0',
27 silly registry.get     'keep-alive': 'timeout=10, max=50',
27 silly registry.get     connection: 'Keep-Alive' } ]
28 verbose etag https://registry.npmjs.org/yo from cache
29 silly addNameRange number 2 { name: 'yo', range: '*', hasData: true }
30 silly addNameRange versions [ 'yo',
30 silly addNameRange   [ '1.0.0-beta.1',
30 silly addNameRange     '1.0.0-beta.2',
30 silly addNameRange     '1.0.0-beta.3',
30 silly addNameRange     '1.0.0-beta.4',
30 silly addNameRange     '1.0.0-beta.5',
30 silly addNameRange     '1.0.0-beta.6',
30 silly addNameRange     '1.0.0-beta.7',
30 silly addNameRange     '1.0.0-rc.1',
30 silly addNameRange     '1.0.0-rc.1.1',
30 silly addNameRange     '1.0.0-rc.1.2',
30 silly addNameRange     '1.0.0-rc.1.3',
30 silly addNameRange     '1.0.0-rc.1.4',
30 silly addNameRange     '1.0.0',
30 silly addNameRange     '1.0.1',
30 silly addNameRange     '1.0.2',
30 silly addNameRange     '1.0.3',
30 silly addNameRange     '1.0.4',
30 silly addNameRange     '1.0.5',
30 silly addNameRange     '1.0.6',
30 silly addNameRange     '1.0.7-pre.1',
30 silly addNameRange     '1.0.7-pre.2',
30 silly addNameRange     '1.0.7-pre.3',
30 silly addNameRange     '1.1.0',
30 silly addNameRange     '1.1.1',
30 silly addNameRange     '1.1.2',
30 silly addNameRange     '1.2.0',
30 silly addNameRange     '1.2.1',
30 silly addNameRange     '1.3.0',
30 silly addNameRange     '1.3.2',
30 silly addNameRange     '1.3.3' ] ]
31 verbose addNamed [ 'yo', '1.3.3' ]
32 verbose addNamed [ '1.3.3', '1.3.3' ]
33 silly lockFile 68164736-yo-1-3-3 yo@1.3.3
34 verbose lock yo@1.3.3 /home/marcin/.npm/68164736-yo-1-3-3.lock
35 silly lockFile 68164736-yo-1-3-3 yo@1.3.3
36 silly lockFile 68164736-yo-1-3-3 yo@1.3.3
37 silly lockFile d937c28e-yo yo@
38 silly lockFile d937c28e-yo yo@
39 silly resolved [ { name: 'yo',
39 silly resolved     version: '1.3.3',
39 silly resolved     description: 'CLI tool for running Yeoman generators',
39 silly resolved     license: 'BSD',
39 silly resolved     bin: { yo: 'cli.js' },
39 silly resolved     author: { name: 'The Yeoman Team' },
39 silly resolved     repository: { type: 'git', url: 'https://github.com/yeoman/yo' },
39 silly resolved     engines: { node: '>=0.10.0', npm: '>=1.4.3' },
39 silly resolved     scripts:
39 silly resolved      { test: 'grunt',
39 silly resolved        postinstall: 'yodoctor',
39 silly resolved        postupdate: 'yodoctor' },
39 silly resolved     files: [ 'cli.js', 'yoyo.js' ],
39 silly resolved     keywords:
39 silly resolved      [ 'front-end',
39 silly resolved        'development',
39 silly resolved        'dev',
39 silly resolved        'build',
39 silly resolved        'web',
39 silly resolved        'tool',
39 silly resolved        'cli',
39 silly resolved        'scaffold',
39 silly resolved        'stack',
39 silly resolved        'yeoman',
39 silly resolved        'generator',
39 silly resolved        'app' ],
39 silly resolved     dependencies:
39 silly resolved      { async: '^0.9.0',
39 silly resolved        chalk: '^0.5.1',
39 silly resolved        configstore: '^0.3.1',
39 silly resolved        findup: '^0.1.5',
39 silly resolved        fullname: '^1.0.0',
39 silly resolved        insight: '^0.4.3',
39 silly resolved        'is-root': '^1.0.0',
39 silly resolved        lodash: '^2.4.1',
39 silly resolved        multiline: '^1.0.0',
39 silly resolved        nopt: '^3.0.0',
39 silly resolved        opn: '^1.0.0',
39 silly resolved        shelljs: '^0.3.0',
39 silly resolved        'string-length': '^1.0.0',
39 silly resolved        'sudo-block': '^1.0.0',
39 silly resolved        'underscore.string': '^2.3.3',
39 silly resolved        'update-notifier': '^0.2.2',
39 silly resolved        'yeoman-character': '^1.0.0',
39 silly resolved        'yeoman-doctor': '^1.0.0',
39 silly resolved        'yeoman-environment': '^1.0.1',
39 silly resolved        'yeoman-generator': '^0.17.7',
39 silly resolved        yosay: '^1.0.0' },
39 silly resolved     devDependencies:
39 silly resolved      { grunt: '^0.4.5',
39 silly resolved        'grunt-cli': '^0.1.13',
39 silly resolved        'grunt-contrib-jshint': '^0.10.0',
39 silly resolved        'grunt-contrib-watch': '^0.6.1',
39 silly resolved        'grunt-mocha-test': '^0.12.1',
39 silly resolved        mocha: '^1.21.4',
39 silly resolved        mockery: '^1.4.0',
39 silly resolved        sinon: '^1.10.3' },
39 silly resolved     engineStrict: true,
39 silly resolved     preferGlobal: true,
39 silly resolved     gitHead: '813c37641c928431260e908ef1b5723c0f18afab',
39 silly resolved     bugs: { url: 'https://github.com/yeoman/yo/issues' },
39 silly resolved     homepage: 'https://github.com/yeoman/yo',
39 silly resolved     _id: 'yo@1.3.3',
39 silly resolved     _shasum: '732b053d6da401965ef146fe914d014474c37c1b',
39 silly resolved     _from: 'yo@',
39 silly resolved     _npmVersion: '2.1.2',
39 silly resolved     _nodeVersion: '0.10.32',
39 silly resolved     _npmUser: { name: 'sindresorhus', email: 'sindresorhus@gmail.com' },
39 silly resolved     maintainers: [ [Object], [Object], [Object], [Object], [Object], [Object] ],
39 silly resolved     dist:
39 silly resolved      { shasum: '732b053d6da401965ef146fe914d014474c37c1b',
39 silly resolved        tarball: 'http://registry.npmjs.org/yo/-/yo-1.3.3.tgz' },
39 silly resolved     directories: {},
39 silly resolved     _resolved: 'https://registry.npmjs.org/yo/-/yo-1.3.3.tgz',
39 silly resolved     readme: 'ERROR: No README data found!' } ]
40 info install yo@1.3.3 into /usr/local/lib
41 info installOne yo@1.3.3
42 verbose lib/node_modules/yo unbuild
43 info preuninstall yo@1.3.3
44 info uninstall yo@1.3.3
45 verbose true,/usr/local/lib/node_modules,/usr/local/lib/node_modules unbuild yo@1.3.3
46 verbose /usr/local/bin,[object Object] binRoot
47 verbose lib/node_modules/yo unbuild
48 info preuninstall yo@1.3.3
49 info uninstall yo@1.3.3
50 verbose true,/usr/local/lib/node_modules,/usr/local/lib/node_modules unbuild yo@1.3.3
51 verbose /usr/local/bin,[object Object] binRoot
52 error error rolling back Error: EACCES, unlink '/usr/local/bin/yo'
52 error error rolling back  yo@1.3.3 { [Error: EACCES, unlink '/usr/local/bin/yo'] errno: 3, code: 'EACCES', path: '/usr/local/bin/yo' }
53 error Error: EACCES, unlink '/usr/local/bin/yo'
53 error  { [Error: EACCES, unlink '/usr/local/bin/yo'] errno: 3, code: 'EACCES', path: '/usr/local/bin/yo' }
54 error Please try running this command again as root/Administrator.
55 error System Linux 3.16.0-28-generic
56 error command "/usr/bin/nodejs" "/usr/bin/npm" "install" "-g" "yo"
57 error cwd /home/marcin/ideastorm/jhipster
58 error node -v v0.10.25
59 error npm -v 1.4.21
60 error path /usr/local/bin/yo
61 error code EACCES
62 error errno 3
63 error stack Error: EACCES, unlink '/usr/local/bin/yo'
64 verbose exit [ 3, true ]
